{"C:\\Users\\sebas\\Dev\\cashtrackr\\backend\\src\\server.ts": {"path":"C:\\Users\\sebas\\Dev\\cashtrackr\\backend\\src\\server.ts","statementMap":{"0":{"start":{"line":1,"column":0},"end":{"line":1,"column":29}},"1":{"start":{"line":2,"column":0},"end":{"line":2,"column":27}},"2":{"start":{"line":3,"column":0},"end":{"line":3,"column":27}},"3":{"start":{"line":4,"column":0},"end":{"line":4,"column":32}},"4":{"start":{"line":5,"column":0},"end":{"line":5,"column":48}},"5":{"start":{"line":6,"column":0},"end":{"line":6,"column":44}},"6":{"start":{"line":7,"column":0},"end":{"line":7,"column":27}},"7":{"start":{"line":9,"column":0},"end":{"line":9,"column":null}},"8":{"start":{"line":12,"column":4},"end":{"line":18,"column":5}},"9":{"start":{"line":13,"column":8},"end":{"line":13,"column":null}},"10":{"start":{"line":14,"column":8},"end":{"line":14,"column":18}},"11":{"start":{"line":15,"column":8},"end":{"line":15,"column":null}},"12":{"start":{"line":17,"column":8},"end":{"line":17,"column":null}},"13":{"start":{"line":20,"column":0},"end":{"line":20,"column":null}},"14":{"start":{"line":22,"column":12},"end":{"line":22,"column":21}},"15":{"start":{"line":24,"column":0},"end":{"line":24,"column":null}},"16":{"start":{"line":25,"column":0},"end":{"line":25,"column":null}},"17":{"start":{"line":27,"column":0},"end":{"line":27,"column":null}},"18":{"start":{"line":28,"column":0},"end":{"line":28,"column":null}},"19":{"start":{"line":30,"column":0},"end":{"line":30,"column":null}}},"fnMap":{"0":{"name":"connectDB","decl":{"start":{"line":11,"column":15},"end":{"line":11,"column":24}},"loc":{"start":{"line":11,"column":24},"end":{"line":19,"column":1}}}},"branchMap":{},"s":{"0":1,"1":1,"2":1,"3":1,"4":1,"5":1,"6":1,"7":1,"8":1,"9":1,"10":1,"11":1,"12":0,"13":1,"14":1,"15":1,"16":1,"17":1,"18":1,"19":1},"f":{"0":1},"b":{}}
,"C:\\Users\\sebas\\Dev\\cashtrackr\\backend\\src\\config\\db.ts": {"path":"C:\\Users\\sebas\\Dev\\cashtrackr\\backend\\src\\config\\db.ts","statementMap":{"0":{"start":{"line":1,"column":0},"end":{"line":1,"column":48}},"1":{"start":{"line":2,"column":0},"end":{"line":2,"column":27}},"2":{"start":{"line":4,"column":0},"end":{"line":4,"column":16}},"3":{"start":{"line":6,"column":0},"end":{"line":8,"column":1}},"4":{"start":{"line":7,"column":4},"end":{"line":7,"column":null}},"5":{"start":{"line":10,"column":13},"end":{"line":20,"column":null}}},"fnMap":{},"branchMap":{"0":{"loc":{"start":{"line":6,"column":0},"end":{"line":8,"column":1}},"type":"if","locations":[{"start":{"line":6,"column":0},"end":{"line":8,"column":1}},{"start":{},"end":{}}]}},"s":{"0":1,"1":1,"2":1,"3":1,"4":0,"5":1},"f":{},"b":{"0":[0,1]}}
,"C:\\Users\\sebas\\Dev\\cashtrackr\\backend\\src\\config\\limiter.ts": {"path":"C:\\Users\\sebas\\Dev\\cashtrackr\\backend\\src\\config\\limiter.ts","statementMap":{"0":{"start":{"line":1,"column":0},"end":{"line":1,"column":46}},"1":{"start":{"line":3,"column":13},"end":{"line":7,"column":null}}},"fnMap":{},"branchMap":{},"s":{"0":1,"1":1},"f":{},"b":{}}
,"C:\\Users\\sebas\\Dev\\cashtrackr\\backend\\src\\config\\nodemailer.ts": {"path":"C:\\Users\\sebas\\Dev\\cashtrackr\\backend\\src\\config\\nodemailer.ts","statementMap":{"0":{"start":{"line":1,"column":0},"end":{"line":1,"column":35}},"1":{"start":{"line":2,"column":0},"end":{"line":2,"column":27}},"2":{"start":{"line":4,"column":0},"end":{"line":4,"column":null}},"3":{"start":{"line":6,"column":15},"end":{"line":15,"column":1}},"4":{"start":{"line":7,"column":4},"end":{"line":14,"column":null}},"5":{"start":{"line":17,"column":13},"end":{"line":17,"column":null}}},"fnMap":{"0":{"name":"(anonymous_1)","decl":{"start":{"line":6,"column":15},"end":{"line":6,"column":18}},"loc":{"start":{"line":6,"column":20},"end":{"line":15,"column":1}}}},"branchMap":{},"s":{"0":2,"1":2,"2":2,"3":2,"4":2,"5":2},"f":{"0":2},"b":{}}
,"C:\\Users\\sebas\\Dev\\cashtrackr\\backend\\src\\controller\\AuthController.ts": {"path":"C:\\Users\\sebas\\Dev\\cashtrackr\\backend\\src\\controller\\AuthController.ts","statementMap":{"0":{"start":{"line":2,"column":0},"end":{"line":2,"column":33}},"1":{"start":{"line":3,"column":0},"end":{"line":3,"column":31}},"2":{"start":{"line":4,"column":0},"end":{"line":4,"column":59}},"3":{"start":{"line":5,"column":0},"end":{"line":5,"column":46}},"4":{"start":{"line":6,"column":0},"end":{"line":6,"column":47}},"5":{"start":{"line":7,"column":0},"end":{"line":7,"column":42}},"6":{"start":{"line":10,"column":27},"end":{"line":42,"column":5}},"7":{"start":{"line":12,"column":36},"end":{"line":12,"column":44}},"8":{"start":{"line":15,"column":27},"end":{"line":15,"column":67}},"9":{"start":{"line":16,"column":8},"end":{"line":21,"column":9}},"10":{"start":{"line":17,"column":12},"end":{"line":20,"column":null}},"11":{"start":{"line":23,"column":8},"end":{"line":41,"column":9}},"12":{"start":{"line":24,"column":25},"end":{"line":24,"column":43}},"13":{"start":{"line":25,"column":12},"end":{"line":25,"column":null}},"14":{"start":{"line":26,"column":12},"end":{"line":26,"column":null}},"15":{"start":{"line":27,"column":12},"end":{"line":27,"column":null}},"16":{"start":{"line":29,"column":12},"end":{"line":33,"column":null}},"17":{"start":{"line":35,"column":12},"end":{"line":35,"column":null}},"18":{"start":{"line":37,"column":12},"end":{"line":40,"column":null}},"19":{"start":{"line":44,"column":28},"end":{"line":61,"column":5}},"20":{"start":{"line":45,"column":26},"end":{"line":45,"column":34}},"21":{"start":{"line":47,"column":21},"end":{"line":47,"column":60}},"22":{"start":{"line":49,"column":8},"end":{"line":54,"column":9}},"23":{"start":{"line":50,"column":12},"end":{"line":53,"column":null}},"24":{"start":{"line":56,"column":8},"end":{"line":56,"column":null}},"25":{"start":{"line":57,"column":8},"end":{"line":57,"column":null}},"26":{"start":{"line":58,"column":8},"end":{"line":58,"column":null}},"27":{"start":{"line":60,"column":8},"end":{"line":60,"column":null}},"28":{"start":{"line":63,"column":19},"end":{"line":93,"column":5}},"29":{"start":{"line":64,"column":36},"end":{"line":64,"column":44}},"30":{"start":{"line":66,"column":21},"end":{"line":66,"column":60}},"31":{"start":{"line":68,"column":8},"end":{"line":73,"column":9}},"32":{"start":{"line":69,"column":12},"end":{"line":72,"column":null}},"33":{"start":{"line":75,"column":8},"end":{"line":80,"column":9}},"34":{"start":{"line":76,"column":12},"end":{"line":79,"column":null}},"35":{"start":{"line":82,"column":34},"end":{"line":82,"column":78}},"36":{"start":{"line":83,"column":8},"end":{"line":88,"column":9}},"37":{"start":{"line":84,"column":12},"end":{"line":87,"column":null}},"38":{"start":{"line":90,"column":21},"end":{"line":90,"column":41}},"39":{"start":{"line":92,"column":8},"end":{"line":92,"column":null}},"40":{"start":{"line":95,"column":28},"end":{"line":117,"column":5}},"41":{"start":{"line":96,"column":26},"end":{"line":96,"column":34}},"42":{"start":{"line":98,"column":21},"end":{"line":98,"column":60}},"43":{"start":{"line":100,"column":8},"end":{"line":105,"column":9}},"44":{"start":{"line":101,"column":12},"end":{"line":104,"column":null}},"45":{"start":{"line":107,"column":8},"end":{"line":107,"column":null}},"46":{"start":{"line":108,"column":8},"end":{"line":108,"column":null}},"47":{"start":{"line":110,"column":8},"end":{"line":114,"column":null}},"48":{"start":{"line":116,"column":8},"end":{"line":116,"column":null}},"49":{"start":{"line":119,"column":27},"end":{"line":132,"column":5}},"50":{"start":{"line":120,"column":26},"end":{"line":120,"column":34}},"51":{"start":{"line":122,"column":28},"end":{"line":122,"column":67}},"52":{"start":{"line":124,"column":8},"end":{"line":129,"column":9}},"53":{"start":{"line":125,"column":12},"end":{"line":128,"column":null}},"54":{"start":{"line":131,"column":8},"end":{"line":131,"column":null}},"55":{"start":{"line":134,"column":36},"end":{"line":152,"column":5}},"56":{"start":{"line":135,"column":26},"end":{"line":135,"column":36}},"57":{"start":{"line":136,"column":29},"end":{"line":136,"column":37}},"58":{"start":{"line":138,"column":21},"end":{"line":138,"column":60}},"59":{"start":{"line":140,"column":8},"end":{"line":145,"column":9}},"60":{"start":{"line":141,"column":12},"end":{"line":144,"column":null}},"61":{"start":{"line":147,"column":8},"end":{"line":147,"column":null}},"62":{"start":{"line":148,"column":8},"end":{"line":148,"column":null}},"63":{"start":{"line":149,"column":8},"end":{"line":149,"column":null}},"64":{"start":{"line":151,"column":8},"end":{"line":151,"column":null}},"65":{"start":{"line":154,"column":18},"end":{"line":156,"column":5}},"66":{"start":{"line":155,"column":8},"end":{"line":155,"column":null}},"67":{"start":{"line":158,"column":39},"end":{"line":177,"column":5}},"68":{"start":{"line":160,"column":51},"end":{"line":160,"column":59}},"69":{"start":{"line":161,"column":23},"end":{"line":161,"column":31}},"70":{"start":{"line":163,"column":21},"end":{"line":163,"column":44}},"71":{"start":{"line":165,"column":34},"end":{"line":165,"column":86}},"72":{"start":{"line":166,"column":8},"end":{"line":171,"column":9}},"73":{"start":{"line":167,"column":12},"end":{"line":170,"column":null}},"74":{"start":{"line":173,"column":8},"end":{"line":173,"column":null}},"75":{"start":{"line":174,"column":8},"end":{"line":174,"column":null}},"76":{"start":{"line":176,"column":8},"end":{"line":176,"column":null}},"77":{"start":{"line":179,"column":27},"end":{"line":195,"column":5}},"78":{"start":{"line":181,"column":29},"end":{"line":181,"column":37}},"79":{"start":{"line":182,"column":23},"end":{"line":182,"column":31}},"80":{"start":{"line":184,"column":21},"end":{"line":184,"column":44}},"81":{"start":{"line":186,"column":34},"end":{"line":186,"column":78}},"82":{"start":{"line":187,"column":8},"end":{"line":192,"column":9}},"83":{"start":{"line":188,"column":12},"end":{"line":191,"column":null}},"84":{"start":{"line":194,"column":8},"end":{"line":194,"column":null}},"85":{"start":{"line":9,"column":0},"end":{"line":9,"column":13}}},"fnMap":{"0":{"name":"(anonymous_1)","decl":{"start":{"line":10,"column":27},"end":{"line":10,"column":32}},"loc":{"start":{"line":10,"column":65},"end":{"line":42,"column":5}}},"1":{"name":"(anonymous_2)","decl":{"start":{"line":44,"column":28},"end":{"line":44,"column":33}},"loc":{"start":{"line":44,"column":66},"end":{"line":61,"column":5}}},"2":{"name":"(anonymous_3)","decl":{"start":{"line":63,"column":19},"end":{"line":63,"column":24}},"loc":{"start":{"line":63,"column":57},"end":{"line":93,"column":5}}},"3":{"name":"(anonymous_4)","decl":{"start":{"line":95,"column":28},"end":{"line":95,"column":33}},"loc":{"start":{"line":95,"column":66},"end":{"line":117,"column":5}}},"4":{"name":"(anonymous_5)","decl":{"start":{"line":119,"column":27},"end":{"line":119,"column":32}},"loc":{"start":{"line":119,"column":65},"end":{"line":132,"column":5}}},"5":{"name":"(anonymous_6)","decl":{"start":{"line":134,"column":36},"end":{"line":134,"column":41}},"loc":{"start":{"line":134,"column":74},"end":{"line":152,"column":5}}},"6":{"name":"(anonymous_7)","decl":{"start":{"line":154,"column":18},"end":{"line":154,"column":23}},"loc":{"start":{"line":154,"column":56},"end":{"line":156,"column":5}}},"7":{"name":"(anonymous_8)","decl":{"start":{"line":158,"column":39},"end":{"line":158,"column":44}},"loc":{"start":{"line":158,"column":77},"end":{"line":177,"column":5}}},"8":{"name":"(anonymous_9)","decl":{"start":{"line":179,"column":27},"end":{"line":179,"column":32}},"loc":{"start":{"line":179,"column":65},"end":{"line":195,"column":5}}}},"branchMap":{"0":{"loc":{"start":{"line":16,"column":8},"end":{"line":21,"column":9}},"type":"if","locations":[{"start":{"line":16,"column":8},"end":{"line":21,"column":9}},{"start":{},"end":{}}]},"1":{"loc":{"start":{"line":49,"column":8},"end":{"line":54,"column":9}},"type":"if","locations":[{"start":{"line":49,"column":8},"end":{"line":54,"column":9}},{"start":{},"end":{}}]},"2":{"loc":{"start":{"line":68,"column":8},"end":{"line":73,"column":9}},"type":"if","locations":[{"start":{"line":68,"column":8},"end":{"line":73,"column":9}},{"start":{},"end":{}}]},"3":{"loc":{"start":{"line":75,"column":8},"end":{"line":80,"column":9}},"type":"if","locations":[{"start":{"line":75,"column":8},"end":{"line":80,"column":9}},{"start":{},"end":{}}]},"4":{"loc":{"start":{"line":83,"column":8},"end":{"line":88,"column":9}},"type":"if","locations":[{"start":{"line":83,"column":8},"end":{"line":88,"column":9}},{"start":{},"end":{}}]},"5":{"loc":{"start":{"line":100,"column":8},"end":{"line":105,"column":9}},"type":"if","locations":[{"start":{"line":100,"column":8},"end":{"line":105,"column":9}},{"start":{},"end":{}}]},"6":{"loc":{"start":{"line":124,"column":8},"end":{"line":129,"column":9}},"type":"if","locations":[{"start":{"line":124,"column":8},"end":{"line":129,"column":9}},{"start":{},"end":{}}]},"7":{"loc":{"start":{"line":140,"column":8},"end":{"line":145,"column":9}},"type":"if","locations":[{"start":{"line":140,"column":8},"end":{"line":145,"column":9}},{"start":{},"end":{}}]},"8":{"loc":{"start":{"line":166,"column":8},"end":{"line":171,"column":9}},"type":"if","locations":[{"start":{"line":166,"column":8},"end":{"line":171,"column":9}},{"start":{},"end":{}}]},"9":{"loc":{"start":{"line":187,"column":8},"end":{"line":192,"column":9}},"type":"if","locations":[{"start":{"line":187,"column":8},"end":{"line":192,"column":9}},{"start":{},"end":{}}]}},"s":{"0":2,"1":2,"2":2,"3":2,"4":2,"5":2,"6":2,"7":4,"8":4,"9":4,"10":3,"11":1,"12":1,"13":1,"14":1,"15":1,"16":1,"17":1,"18":0,"19":2,"20":0,"21":0,"22":0,"23":0,"24":0,"25":0,"26":0,"27":0,"28":2,"29":4,"30":4,"31":4,"32":1,"33":3,"34":1,"35":2,"36":2,"37":1,"38":1,"39":1,"40":2,"41":0,"42":0,"43":0,"44":0,"45":0,"46":0,"47":0,"48":0,"49":2,"50":0,"51":0,"52":0,"53":0,"54":0,"55":2,"56":0,"57":0,"58":0,"59":0,"60":0,"61":0,"62":0,"63":0,"64":0,"65":2,"66":0,"67":2,"68":0,"69":0,"70":0,"71":0,"72":0,"73":0,"74":0,"75":0,"76":0,"77":2,"78":0,"79":0,"80":0,"81":0,"82":0,"83":0,"84":0,"85":2},"f":{"0":4,"1":0,"2":4,"3":0,"4":0,"5":0,"6":0,"7":0,"8":0},"b":{"0":[3,1],"1":[0,0],"2":[1,3],"3":[1,2],"4":[1,1],"5":[0,0],"6":[0,0],"7":[0,0],"8":[0,0],"9":[0,0]}}
,"C:\\Users\\sebas\\Dev\\cashtrackr\\backend\\src\\controller\\BudgetController.ts": {"path":"C:\\Users\\sebas\\Dev\\cashtrackr\\backend\\src\\controller\\BudgetController.ts","statementMap":{"0":{"start":{"line":2,"column":0},"end":{"line":2,"column":37}},"1":{"start":{"line":3,"column":0},"end":{"line":3,"column":39}},"2":{"start":{"line":6,"column":20},"end":{"line":21,"column":5}},"3":{"start":{"line":7,"column":8},"end":{"line":20,"column":9}},"4":{"start":{"line":8,"column":28},"end":{"line":13,"column":14}},"5":{"start":{"line":14,"column":12},"end":{"line":14,"column":null}},"6":{"start":{"line":16,"column":12},"end":{"line":19,"column":null}},"7":{"start":{"line":23,"column":20},"end":{"line":35,"column":5}},"8":{"start":{"line":24,"column":8},"end":{"line":34,"column":9}},"9":{"start":{"line":25,"column":27},"end":{"line":25,"column":47}},"10":{"start":{"line":26,"column":12},"end":{"line":26,"column":null}},"11":{"start":{"line":27,"column":12},"end":{"line":27,"column":null}},"12":{"start":{"line":28,"column":12},"end":{"line":28,"column":null}},"13":{"start":{"line":30,"column":12},"end":{"line":33,"column":null}},"14":{"start":{"line":37,"column":21},"end":{"line":43,"column":5}},"15":{"start":{"line":38,"column":23},"end":{"line":40,"column":10}},"16":{"start":{"line":42,"column":8},"end":{"line":42,"column":null}},"17":{"start":{"line":45,"column":24},"end":{"line":48,"column":5}},"18":{"start":{"line":46,"column":8},"end":{"line":46,"column":null}},"19":{"start":{"line":47,"column":8},"end":{"line":47,"column":null}},"20":{"start":{"line":50,"column":24},"end":{"line":53,"column":5}},"21":{"start":{"line":51,"column":8},"end":{"line":51,"column":null}},"22":{"start":{"line":52,"column":8},"end":{"line":52,"column":null}},"23":{"start":{"line":5,"column":0},"end":{"line":5,"column":13}}},"fnMap":{"0":{"name":"(anonymous_1)","decl":{"start":{"line":6,"column":20},"end":{"line":6,"column":25}},"loc":{"start":{"line":6,"column":58},"end":{"line":21,"column":5}}},"1":{"name":"(anonymous_2)","decl":{"start":{"line":23,"column":20},"end":{"line":23,"column":25}},"loc":{"start":{"line":23,"column":58},"end":{"line":35,"column":5}}},"2":{"name":"(anonymous_3)","decl":{"start":{"line":37,"column":21},"end":{"line":37,"column":26}},"loc":{"start":{"line":37,"column":59},"end":{"line":43,"column":5}}},"3":{"name":"(anonymous_4)","decl":{"start":{"line":45,"column":24},"end":{"line":45,"column":29}},"loc":{"start":{"line":45,"column":62},"end":{"line":48,"column":5}}},"4":{"name":"(anonymous_5)","decl":{"start":{"line":50,"column":24},"end":{"line":50,"column":29}},"loc":{"start":{"line":50,"column":62},"end":{"line":53,"column":5}}}},"branchMap":{},"s":{"0":2,"1":2,"2":2,"3":4,"4":4,"5":3,"6":1,"7":2,"8":2,"9":2,"10":0,"11":0,"12":0,"13":2,"14":2,"15":3,"16":3,"17":2,"18":1,"19":1,"20":2,"21":1,"22":1,"23":2},"f":{"0":4,"1":2,"2":3,"3":1,"4":1},"b":{}}
,"C:\\Users\\sebas\\Dev\\cashtrackr\\backend\\src\\controller\\ExpensesController.ts": {"path":"C:\\Users\\sebas\\Dev\\cashtrackr\\backend\\src\\controller\\ExpensesController.ts","statementMap":{"0":{"start":{"line":2,"column":0},"end":{"line":2,"column":39}},"1":{"start":{"line":5,"column":20},"end":{"line":17,"column":5}},"2":{"start":{"line":6,"column":8},"end":{"line":16,"column":9}},"3":{"start":{"line":7,"column":28},"end":{"line":7,"column":49}},"4":{"start":{"line":8,"column":12},"end":{"line":8,"column":null}},"5":{"start":{"line":9,"column":12},"end":{"line":9,"column":null}},"6":{"start":{"line":10,"column":12},"end":{"line":10,"column":null}},"7":{"start":{"line":12,"column":12},"end":{"line":15,"column":null}},"8":{"start":{"line":19,"column":21},"end":{"line":21,"column":5}},"9":{"start":{"line":20,"column":8},"end":{"line":20,"column":null}},"10":{"start":{"line":23,"column":24},"end":{"line":26,"column":5}},"11":{"start":{"line":24,"column":8},"end":{"line":24,"column":null}},"12":{"start":{"line":25,"column":8},"end":{"line":25,"column":null}},"13":{"start":{"line":28,"column":24},"end":{"line":31,"column":5}},"14":{"start":{"line":29,"column":8},"end":{"line":29,"column":null}},"15":{"start":{"line":30,"column":8},"end":{"line":30,"column":null}},"16":{"start":{"line":4,"column":0},"end":{"line":4,"column":13}}},"fnMap":{"0":{"name":"(anonymous_1)","decl":{"start":{"line":5,"column":20},"end":{"line":5,"column":25}},"loc":{"start":{"line":5,"column":58},"end":{"line":17,"column":5}}},"1":{"name":"(anonymous_2)","decl":{"start":{"line":19,"column":21},"end":{"line":19,"column":26}},"loc":{"start":{"line":19,"column":59},"end":{"line":21,"column":5}}},"2":{"name":"(anonymous_3)","decl":{"start":{"line":23,"column":24},"end":{"line":23,"column":29}},"loc":{"start":{"line":23,"column":62},"end":{"line":26,"column":5}}},"3":{"name":"(anonymous_4)","decl":{"start":{"line":28,"column":24},"end":{"line":28,"column":29}},"loc":{"start":{"line":28,"column":62},"end":{"line":31,"column":5}}}},"branchMap":{},"s":{"0":2,"1":2,"2":2,"3":2,"4":0,"5":0,"6":0,"7":2,"8":2,"9":1,"10":2,"11":1,"12":1,"13":2,"14":1,"15":1,"16":2},"f":{"0":2,"1":1,"2":1,"3":1},"b":{}}
,"C:\\Users\\sebas\\Dev\\cashtrackr\\backend\\src\\emails\\AuthEmail.ts": {"path":"C:\\Users\\sebas\\Dev\\cashtrackr\\backend\\src\\emails\\AuthEmail.ts","statementMap":{"0":{"start":{"line":1,"column":0},"end":{"line":1,"column":48}},"1":{"start":{"line":10,"column":35},"end":{"line":26,"column":5}},"2":{"start":{"line":11,"column":22},"end":{"line":23,"column":10}},"3":{"start":{"line":25,"column":8},"end":{"line":25,"column":null}},"4":{"start":{"line":28,"column":36},"end":{"line":44,"column":5}},"5":{"start":{"line":29,"column":22},"end":{"line":41,"column":10}},"6":{"start":{"line":43,"column":8},"end":{"line":43,"column":null}},"7":{"start":{"line":9,"column":0},"end":{"line":9,"column":13}}},"fnMap":{"0":{"name":"(anonymous_0)","decl":{"start":{"line":10,"column":35},"end":{"line":10,"column":40}},"loc":{"start":{"line":10,"column":61},"end":{"line":26,"column":5}}},"1":{"name":"(anonymous_1)","decl":{"start":{"line":28,"column":36},"end":{"line":28,"column":41}},"loc":{"start":{"line":28,"column":62},"end":{"line":44,"column":5}}}},"branchMap":{},"s":{"0":2,"1":2,"2":0,"3":0,"4":2,"5":0,"6":0,"7":2},"f":{"0":0,"1":0},"b":{}}
,"C:\\Users\\sebas\\Dev\\cashtrackr\\backend\\src\\middleware\\auth.ts": {"path":"C:\\Users\\sebas\\Dev\\cashtrackr\\backend\\src\\middleware\\auth.ts","statementMap":{"0":{"start":{"line":1,"column":0},"end":{"line":1,"column":31}},"1":{"start":{"line":2,"column":0},"end":{"line":2,"column":33}},"2":{"start":{"line":3,"column":0},"end":{"line":3,"column":30}},"3":{"start":{"line":14,"column":28},"end":{"line":47,"column":1}},"4":{"start":{"line":15,"column":19},"end":{"line":15,"column":44}},"5":{"start":{"line":17,"column":8},"end":{"line":22,"column":9}},"6":{"start":{"line":18,"column":12},"end":{"line":21,"column":null}},"7":{"start":{"line":24,"column":28},"end":{"line":24,"column":45}},"8":{"start":{"line":26,"column":8},"end":{"line":31,"column":9}},"9":{"start":{"line":27,"column":12},"end":{"line":30,"column":null}},"10":{"start":{"line":33,"column":8},"end":{"line":46,"column":9}},"11":{"start":{"line":34,"column":28},"end":{"line":34,"column":69}},"12":{"start":{"line":35,"column":12},"end":{"line":40,"column":13}},"13":{"start":{"line":36,"column":16},"end":{"line":38,"column":null}},"14":{"start":{"line":39,"column":16},"end":{"line":39,"column":null}},"15":{"start":{"line":42,"column":12},"end":{"line":45,"column":null}},"16":{"start":{"line":14,"column":13},"end":{"line":14,"column":28}}},"fnMap":{"0":{"name":"(anonymous_1)","decl":{"start":{"line":14,"column":28},"end":{"line":14,"column":33}},"loc":{"start":{"line":14,"column":86},"end":{"line":47,"column":1}}}},"branchMap":{"0":{"loc":{"start":{"line":17,"column":8},"end":{"line":22,"column":9}},"type":"if","locations":[{"start":{"line":17,"column":8},"end":{"line":22,"column":9}},{"start":{},"end":{}}]},"1":{"loc":{"start":{"line":26,"column":8},"end":{"line":31,"column":9}},"type":"if","locations":[{"start":{"line":26,"column":8},"end":{"line":31,"column":9}},{"start":{},"end":{}}]},"2":{"loc":{"start":{"line":35,"column":12},"end":{"line":40,"column":13}},"type":"if","locations":[{"start":{"line":35,"column":12},"end":{"line":40,"column":13}},{"start":{},"end":{}}]},"3":{"loc":{"start":{"line":35,"column":15},"end":{"line":35,"column":56}},"type":"binary-expr","locations":[{"start":{"line":35,"column":15},"end":{"line":35,"column":42}},{"start":{"line":35,"column":46},"end":{"line":35,"column":56}}]}},"s":{"0":1,"1":1,"2":1,"3":1,"4":0,"5":0,"6":0,"7":0,"8":0,"9":0,"10":0,"11":0,"12":0,"13":0,"14":0,"15":0,"16":1},"f":{"0":0},"b":{"0":[0,0],"1":[0,0],"2":[0,0],"3":[0,0]}}
,"C:\\Users\\sebas\\Dev\\cashtrackr\\backend\\src\\middleware\\budget.ts": {"path":"C:\\Users\\sebas\\Dev\\cashtrackr\\backend\\src\\middleware\\budget.ts","statementMap":{"0":{"start":{"line":58,"column":0},"end":{"line":58,"column":16}},"1":{"start":{"line":2,"column":0},"end":{"line":2,"column":59}},"2":{"start":{"line":3,"column":0},"end":{"line":3,"column":37}},"3":{"start":{"line":4,"column":0},"end":{"line":4,"column":40}},"4":{"start":{"line":5,"column":0},"end":{"line":5,"column":33}},"5":{"start":{"line":15,"column":33},"end":{"line":25,"column":1}},"6":{"start":{"line":16,"column":4},"end":{"line":19,"column":null}},"7":{"start":{"line":18,"column":27},"end":{"line":18,"column":36}},"8":{"start":{"line":20,"column":17},"end":{"line":20,"column":38}},"9":{"start":{"line":21,"column":8},"end":{"line":23,"column":9}},"10":{"start":{"line":22,"column":12},"end":{"line":22,"column":null}},"11":{"start":{"line":24,"column":4},"end":{"line":24,"column":null}},"12":{"start":{"line":15,"column":14},"end":{"line":15,"column":33}},"13":{"start":{"line":27,"column":37},"end":{"line":44,"column":1}},"14":{"start":{"line":28,"column":4},"end":{"line":43,"column":5}},"15":{"start":{"line":29,"column":29},"end":{"line":29,"column":39}},"16":{"start":{"line":30,"column":23},"end":{"line":30,"column":73}},"17":{"start":{"line":31,"column":8},"end":{"line":35,"column":9}},"18":{"start":{"line":32,"column":12},"end":{"line":34,"column":null}},"19":{"start":{"line":36,"column":8},"end":{"line":36,"column":null}},"20":{"start":{"line":37,"column":8},"end":{"line":37,"column":null}},"21":{"start":{"line":39,"column":8},"end":{"line":42,"column":null}},"22":{"start":{"line":27,"column":14},"end":{"line":27,"column":37}},"23":{"start":{"line":46,"column":35},"end":{"line":56,"column":1}},"24":{"start":{"line":47,"column":4},"end":{"line":49,"column":null}},"25":{"start":{"line":50,"column":4},"end":{"line":54,"column":null}},"26":{"start":{"line":53,"column":25},"end":{"line":53,"column":34}},"27":{"start":{"line":55,"column":4},"end":{"line":55,"column":null}},"28":{"start":{"line":46,"column":13},"end":{"line":46,"column":35}},"29":{"start":{"line":60,"column":4},"end":{"line":63,"column":5}},"30":{"start":{"line":61,"column":22},"end":{"line":61,"column":69}},"31":{"start":{"line":62,"column":8},"end":{"line":62,"column":null}},"32":{"start":{"line":65,"column":4},"end":{"line":65,"column":null}}},"fnMap":{"0":{"name":"(anonymous_1)","decl":{"start":{"line":15,"column":33},"end":{"line":15,"column":38}},"loc":{"start":{"line":15,"column":91},"end":{"line":25,"column":1}}},"1":{"name":"(anonymous_2)","decl":{"start":{"line":18,"column":16},"end":{"line":18,"column":17}},"loc":{"start":{"line":18,"column":27},"end":{"line":18,"column":36}}},"2":{"name":"(anonymous_3)","decl":{"start":{"line":27,"column":37},"end":{"line":27,"column":42}},"loc":{"start":{"line":27,"column":95},"end":{"line":44,"column":1}}},"3":{"name":"(anonymous_4)","decl":{"start":{"line":46,"column":35},"end":{"line":46,"column":40}},"loc":{"start":{"line":46,"column":93},"end":{"line":56,"column":1}}},"4":{"name":"(anonymous_5)","decl":{"start":{"line":53,"column":16},"end":{"line":53,"column":21}},"loc":{"start":{"line":53,"column":25},"end":{"line":53,"column":34}}},"5":{"name":"hasAccessToBudget","decl":{"start":{"line":58,"column":16},"end":{"line":58,"column":33}},"loc":{"start":{"line":58,"column":81},"end":{"line":66,"column":1}}}},"branchMap":{"0":{"loc":{"start":{"line":21,"column":8},"end":{"line":23,"column":9}},"type":"if","locations":[{"start":{"line":21,"column":8},"end":{"line":23,"column":9}},{"start":{},"end":{}}]},"1":{"loc":{"start":{"line":31,"column":8},"end":{"line":35,"column":9}},"type":"if","locations":[{"start":{"line":31,"column":8},"end":{"line":35,"column":9}},{"start":{},"end":{}}]},"2":{"loc":{"start":{"line":60,"column":4},"end":{"line":63,"column":5}},"type":"if","locations":[{"start":{"line":60,"column":4},"end":{"line":63,"column":5}},{"start":{},"end":{}}]}},"s":{"0":3,"1":3,"2":3,"3":3,"4":3,"5":3,"6":0,"7":0,"8":0,"9":0,"10":0,"11":0,"12":3,"13":3,"14":3,"15":3,"16":3,"17":2,"18":1,"19":1,"20":1,"21":1,"22":3,"23":3,"24":0,"25":0,"26":0,"27":0,"28":3,"29":3,"30":0,"31":0,"32":0},"f":{"0":0,"1":0,"2":3,"3":0,"4":0,"5":3},"b":{"0":[0,0],"1":[1,1],"2":[0,0]}}
,"C:\\Users\\sebas\\Dev\\cashtrackr\\backend\\src\\middleware\\expense.ts": {"path":"C:\\Users\\sebas\\Dev\\cashtrackr\\backend\\src\\middleware\\expense.ts","statementMap":{"0":{"start":{"line":2,"column":0},"end":{"line":2,"column":59}},"1":{"start":{"line":3,"column":0},"end":{"line":3,"column":40}},"2":{"start":{"line":4,"column":0},"end":{"line":4,"column":39}},"3":{"start":{"line":14,"column":36},"end":{"line":24,"column":1}},"4":{"start":{"line":15,"column":4},"end":{"line":17,"column":null}},"5":{"start":{"line":18,"column":4},"end":{"line":22,"column":null}},"6":{"start":{"line":21,"column":25},"end":{"line":21,"column":34}},"7":{"start":{"line":23,"column":4},"end":{"line":23,"column":null}},"8":{"start":{"line":14,"column":13},"end":{"line":14,"column":36}},"9":{"start":{"line":26,"column":33},"end":{"line":36,"column":1}},"10":{"start":{"line":27,"column":4},"end":{"line":30,"column":null}},"11":{"start":{"line":29,"column":27},"end":{"line":29,"column":36}},"12":{"start":{"line":31,"column":17},"end":{"line":31,"column":38}},"13":{"start":{"line":32,"column":8},"end":{"line":34,"column":9}},"14":{"start":{"line":33,"column":12},"end":{"line":33,"column":null}},"15":{"start":{"line":35,"column":4},"end":{"line":35,"column":null}},"16":{"start":{"line":26,"column":13},"end":{"line":26,"column":33}},"17":{"start":{"line":38,"column":37},"end":{"line":55,"column":1}},"18":{"start":{"line":39,"column":4},"end":{"line":54,"column":5}},"19":{"start":{"line":40,"column":30},"end":{"line":40,"column":40}},"20":{"start":{"line":41,"column":24},"end":{"line":41,"column":57}},"21":{"start":{"line":42,"column":8},"end":{"line":46,"column":9}},"22":{"start":{"line":43,"column":12},"end":{"line":45,"column":null}},"23":{"start":{"line":47,"column":8},"end":{"line":47,"column":null}},"24":{"start":{"line":48,"column":8},"end":{"line":48,"column":null}},"25":{"start":{"line":50,"column":8},"end":{"line":53,"column":null}},"26":{"start":{"line":38,"column":13},"end":{"line":38,"column":37}}},"fnMap":{"0":{"name":"(anonymous_1)","decl":{"start":{"line":14,"column":36},"end":{"line":14,"column":41}},"loc":{"start":{"line":14,"column":94},"end":{"line":24,"column":1}}},"1":{"name":"(anonymous_2)","decl":{"start":{"line":21,"column":16},"end":{"line":21,"column":21}},"loc":{"start":{"line":21,"column":25},"end":{"line":21,"column":34}}},"2":{"name":"(anonymous_3)","decl":{"start":{"line":26,"column":33},"end":{"line":26,"column":38}},"loc":{"start":{"line":26,"column":91},"end":{"line":36,"column":1}}},"3":{"name":"(anonymous_4)","decl":{"start":{"line":29,"column":16},"end":{"line":29,"column":17}},"loc":{"start":{"line":29,"column":27},"end":{"line":29,"column":36}}},"4":{"name":"(anonymous_5)","decl":{"start":{"line":38,"column":37},"end":{"line":38,"column":42}},"loc":{"start":{"line":38,"column":95},"end":{"line":55,"column":1}}}},"branchMap":{"0":{"loc":{"start":{"line":32,"column":8},"end":{"line":34,"column":9}},"type":"if","locations":[{"start":{"line":32,"column":8},"end":{"line":34,"column":9}},{"start":{},"end":{}}]},"1":{"loc":{"start":{"line":42,"column":8},"end":{"line":46,"column":9}},"type":"if","locations":[{"start":{"line":42,"column":8},"end":{"line":46,"column":9}},{"start":{},"end":{}}]}},"s":{"0":2,"1":2,"2":2,"3":2,"4":0,"5":0,"6":0,"7":0,"8":2,"9":2,"10":0,"11":0,"12":0,"13":0,"14":0,"15":0,"16":2,"17":2,"18":3,"19":3,"20":3,"21":2,"22":1,"23":1,"24":1,"25":1,"26":2},"f":{"0":0,"1":0,"2":0,"3":0,"4":3},"b":{"0":[0,0],"1":[1,1]}}
,"C:\\Users\\sebas\\Dev\\cashtrackr\\backend\\src\\middleware\\validation.ts": {"path":"C:\\Users\\sebas\\Dev\\cashtrackr\\backend\\src\\middleware\\validation.ts","statementMap":{"0":{"start":{"line":2,"column":0},"end":{"line":2,"column":52}},"1":{"start":{"line":4,"column":33},"end":{"line":10,"column":1}},"2":{"start":{"line":5,"column":17},"end":{"line":5,"column":38}},"3":{"start":{"line":6,"column":4},"end":{"line":8,"column":5}},"4":{"start":{"line":7,"column":8},"end":{"line":7,"column":null}},"5":{"start":{"line":9,"column":4},"end":{"line":9,"column":null}},"6":{"start":{"line":4,"column":13},"end":{"line":4,"column":33}}},"fnMap":{"0":{"name":"(anonymous_0)","decl":{"start":{"line":4,"column":33},"end":{"line":4,"column":34}},"loc":{"start":{"line":4,"column":85},"end":{"line":10,"column":1}}}},"branchMap":{"0":{"loc":{"start":{"line":6,"column":4},"end":{"line":8,"column":5}},"type":"if","locations":[{"start":{"line":6,"column":4},"end":{"line":8,"column":5}},{"start":{},"end":{}}]}},"s":{"0":1,"1":1,"2":5,"3":5,"4":3,"5":2,"6":1},"f":{"0":5},"b":{"0":[3,2]}}
,"C:\\Users\\sebas\\Dev\\cashtrackr\\backend\\src\\models\\Budget.ts": {"path":"C:\\Users\\sebas\\Dev\\cashtrackr\\backend\\src\\models\\Budget.ts","statementMap":{"0":{"start":{"line":1,"column":0},"end":{"line":1,"column":112}},"1":{"start":{"line":2,"column":0},"end":{"line":2,"column":31}},"2":{"start":{"line":3,"column":0},"end":{"line":3,"column":25}},"3":{"start":{"line":9,"column":0},"end":{"line":33,"column":null}},"4":{"start":{"line":14,"column":12},"end":{"line":14,"column":null}},"5":{"start":{"line":20,"column":12},"end":{"line":20,"column":null}},"6":{"start":{"line":26,"column":12},"end":{"line":26,"column":null}},"7":{"start":{"line":22,"column":19},"end":{"line":22,"column":26}},"8":{"start":{"line":29,"column":12},"end":{"line":29,"column":null}},"9":{"start":{"line":28,"column":22},"end":{"line":28,"column":26}},"10":{"start":{"line":32,"column":12},"end":{"line":32,"column":null}},"11":{"start":{"line":31,"column":21},"end":{"line":31,"column":25}},"12":{"start":{"line":9,"column":6},"end":{"line":33,"column":null}},"13":{"start":{"line":35,"column":0},"end":{"line":35,"column":null}}},"fnMap":{"0":{"name":"(anonymous_3)","decl":{"start":{"line":22,"column":13},"end":{"line":22,"column":16}},"loc":{"start":{"line":22,"column":19},"end":{"line":22,"column":26}}},"1":{"name":"(anonymous_4)","decl":{"start":{"line":28,"column":16},"end":{"line":28,"column":19}},"loc":{"start":{"line":28,"column":22},"end":{"line":28,"column":26}}},"2":{"name":"(anonymous_5)","decl":{"start":{"line":31,"column":15},"end":{"line":31,"column":18}},"loc":{"start":{"line":31,"column":21},"end":{"line":31,"column":25}}}},"branchMap":{},"s":{"0":3,"1":3,"2":3,"3":3,"4":3,"5":3,"6":3,"7":2,"8":3,"9":2,"10":3,"11":2,"12":3,"13":3},"f":{"0":2,"1":2,"2":2},"b":{}}
,"C:\\Users\\sebas\\Dev\\cashtrackr\\backend\\src\\models\\Expense.ts": {"path":"C:\\Users\\sebas\\Dev\\cashtrackr\\backend\\src\\models\\Expense.ts","statementMap":{"0":{"start":{"line":1,"column":0},"end":{"line":1,"column":104}},"1":{"start":{"line":2,"column":0},"end":{"line":2,"column":29}},"2":{"start":{"line":8,"column":0},"end":{"line":26,"column":null}},"3":{"start":{"line":13,"column":12},"end":{"line":13,"column":null}},"4":{"start":{"line":19,"column":12},"end":{"line":19,"column":null}},"5":{"start":{"line":22,"column":12},"end":{"line":22,"column":null}},"6":{"start":{"line":21,"column":22},"end":{"line":21,"column":28}},"7":{"start":{"line":25,"column":12},"end":{"line":25,"column":null}},"8":{"start":{"line":24,"column":21},"end":{"line":24,"column":27}},"9":{"start":{"line":8,"column":6},"end":{"line":26,"column":null}},"10":{"start":{"line":28,"column":0},"end":{"line":28,"column":null}}},"fnMap":{"0":{"name":"(anonymous_3)","decl":{"start":{"line":21,"column":16},"end":{"line":21,"column":19}},"loc":{"start":{"line":21,"column":22},"end":{"line":21,"column":28}}},"1":{"name":"(anonymous_4)","decl":{"start":{"line":24,"column":15},"end":{"line":24,"column":18}},"loc":{"start":{"line":24,"column":21},"end":{"line":24,"column":27}}}},"branchMap":{},"s":{"0":3,"1":3,"2":3,"3":3,"4":3,"5":3,"6":2,"7":3,"8":2,"9":3,"10":3},"f":{"0":2,"1":2},"b":{}}
,"C:\\Users\\sebas\\Dev\\cashtrackr\\backend\\src\\models\\User.ts": {"path":"C:\\Users\\sebas\\Dev\\cashtrackr\\backend\\src\\models\\User.ts","statementMap":{"0":{"start":{"line":1,"column":0},"end":{"line":1,"column":118}},"1":{"start":{"line":2,"column":0},"end":{"line":2,"column":29}},"2":{"start":{"line":8,"column":0},"end":{"line":44,"column":null}},"3":{"start":{"line":13,"column":12},"end":{"line":13,"column":null}},"4":{"start":{"line":20,"column":12},"end":{"line":20,"column":null}},"5":{"start":{"line":26,"column":12},"end":{"line":26,"column":null}},"6":{"start":{"line":31,"column":12},"end":{"line":31,"column":null}},"7":{"start":{"line":37,"column":12},"end":{"line":37,"column":null}},"8":{"start":{"line":43,"column":12},"end":{"line":43,"column":null}},"9":{"start":{"line":39,"column":19},"end":{"line":39,"column":25}},"10":{"start":{"line":8,"column":6},"end":{"line":44,"column":null}},"11":{"start":{"line":46,"column":0},"end":{"line":46,"column":null}}},"fnMap":{"0":{"name":"(anonymous_3)","decl":{"start":{"line":39,"column":13},"end":{"line":39,"column":16}},"loc":{"start":{"line":39,"column":19},"end":{"line":39,"column":25}}}},"branchMap":{},"s":{"0":4,"1":4,"2":4,"3":4,"4":4,"5":4,"6":4,"7":4,"8":4,"9":2,"10":4,"11":4},"f":{"0":2},"b":{}}
,"C:\\Users\\sebas\\Dev\\cashtrackr\\backend\\src\\routes\\authRouter.ts": {"path":"C:\\Users\\sebas\\Dev\\cashtrackr\\backend\\src\\routes\\authRouter.ts","statementMap":{"0":{"start":{"line":1,"column":0},"end":{"line":1,"column":32}},"1":{"start":{"line":2,"column":0},"end":{"line":2,"column":47}},"2":{"start":{"line":3,"column":0},"end":{"line":3,"column":61}},"3":{"start":{"line":4,"column":0},"end":{"line":4,"column":60}},"4":{"start":{"line":5,"column":0},"end":{"line":5,"column":43}},"5":{"start":{"line":6,"column":0},"end":{"line":6,"column":49}},"6":{"start":{"line":8,"column":15},"end":{"line":8,"column":23}},"7":{"start":{"line":10,"column":0},"end":{"line":10,"column":null}},"8":{"start":{"line":12,"column":0},"end":{"line":20,"column":null}},"9":{"start":{"line":22,"column":0},"end":{"line":28,"column":null}},"10":{"start":{"line":30,"column":0},"end":{"line":36,"column":null}},"11":{"start":{"line":38,"column":0},"end":{"line":42,"column":null}},"12":{"start":{"line":44,"column":0},"end":{"line":50,"column":null}},"13":{"start":{"line":52,"column":0},"end":{"line":61,"column":null}},"14":{"start":{"line":63,"column":0},"end":{"line":66,"column":null}},"15":{"start":{"line":68,"column":0},"end":{"line":76,"column":null}},"16":{"start":{"line":78,"column":0},"end":{"line":84,"column":null}},"17":{"start":{"line":86,"column":0},"end":{"line":86,"column":null}}},"fnMap":{},"branchMap":{},"s":{"0":1,"1":1,"2":1,"3":1,"4":1,"5":1,"6":1,"7":1,"8":1,"9":1,"10":1,"11":1,"12":1,"13":1,"14":1,"15":1,"16":1,"17":1},"f":{},"b":{}}
,"C:\\Users\\sebas\\Dev\\cashtrackr\\backend\\src\\routes\\budgetRouter.ts": {"path":"C:\\Users\\sebas\\Dev\\cashtrackr\\backend\\src\\routes\\budgetRouter.ts","statementMap":{"0":{"start":{"line":1,"column":0},"end":{"line":1,"column":32}},"1":{"start":{"line":3,"column":0},"end":{"line":3,"column":65}},"2":{"start":{"line":4,"column":0},"end":{"line":4,"column":60}},"3":{"start":{"line":5,"column":0},"end":{"line":5,"column":117}},"4":{"start":{"line":6,"column":0},"end":{"line":6,"column":69}},"5":{"start":{"line":7,"column":0},"end":{"line":7,"column":102}},"6":{"start":{"line":8,"column":0},"end":{"line":8,"column":49}},"7":{"start":{"line":10,"column":15},"end":{"line":10,"column":23}},"8":{"start":{"line":12,"column":0},"end":{"line":12,"column":null}},"9":{"start":{"line":14,"column":0},"end":{"line":14,"column":null}},"10":{"start":{"line":15,"column":0},"end":{"line":15,"column":null}},"11":{"start":{"line":16,"column":0},"end":{"line":16,"column":null}},"12":{"start":{"line":18,"column":0},"end":{"line":18,"column":null}},"13":{"start":{"line":19,"column":0},"end":{"line":19,"column":null}},"14":{"start":{"line":21,"column":0},"end":{"line":21,"column":null}},"15":{"start":{"line":23,"column":0},"end":{"line":23,"column":null}},"16":{"start":{"line":24,"column":0},"end":{"line":27,"column":null}},"17":{"start":{"line":29,"column":0},"end":{"line":32,"column":null}},"18":{"start":{"line":33,"column":0},"end":{"line":33,"column":null}},"19":{"start":{"line":35,"column":0},"end":{"line":35,"column":null}},"20":{"start":{"line":37,"column":0},"end":{"line":40,"column":null}},"21":{"start":{"line":42,"column":4},"end":{"line":46,"column":null}},"22":{"start":{"line":48,"column":4},"end":{"line":48,"column":null}},"23":{"start":{"line":50,"column":0},"end":{"line":50,"column":null}}},"fnMap":{},"branchMap":{},"s":{"0":1,"1":1,"2":1,"3":1,"4":1,"5":1,"6":1,"7":1,"8":1,"9":1,"10":1,"11":1,"12":1,"13":1,"14":1,"15":1,"16":1,"17":1,"18":1,"19":1,"20":1,"21":1,"22":1,"23":1},"f":{},"b":{}}
,"C:\\Users\\sebas\\Dev\\cashtrackr\\backend\\src\\tests\\mocks\\budgets.ts": {"path":"C:\\Users\\sebas\\Dev\\cashtrackr\\backend\\src\\tests\\mocks\\budgets.ts","statementMap":{"0":{"start":{"line":1,"column":13},"end":{"line":71,"column":2}}},"fnMap":{},"branchMap":{},"s":{"0":3},"f":{},"b":{}}
,"C:\\Users\\sebas\\Dev\\cashtrackr\\backend\\src\\tests\\mocks\\expenses.ts": {"path":"C:\\Users\\sebas\\Dev\\cashtrackr\\backend\\src\\tests\\mocks\\expenses.ts","statementMap":{"0":{"start":{"line":1,"column":13},"end":{"line":26,"column":null}}},"fnMap":{},"branchMap":{},"s":{"0":2},"f":{},"b":{}}
,"C:\\Users\\sebas\\Dev\\cashtrackr\\backend\\src\\utils\\auth.ts": {"path":"C:\\Users\\sebas\\Dev\\cashtrackr\\backend\\src\\utils\\auth.ts","statementMap":{"0":{"start":{"line":1,"column":0},"end":{"line":1,"column":27}},"1":{"start":{"line":3,"column":28},"end":{"line":6,"column":1}},"2":{"start":{"line":4,"column":17},"end":{"line":4,"column":41}},"3":{"start":{"line":5,"column":4},"end":{"line":5,"column":null}},"4":{"start":{"line":3,"column":13},"end":{"line":3,"column":28}},"5":{"start":{"line":8,"column":29},"end":{"line":10,"column":1}},"6":{"start":{"line":9,"column":4},"end":{"line":9,"column":null}},"7":{"start":{"line":8,"column":13},"end":{"line":8,"column":29}}},"fnMap":{"0":{"name":"(anonymous_1)","decl":{"start":{"line":3,"column":28},"end":{"line":3,"column":33}},"loc":{"start":{"line":3,"column":55},"end":{"line":6,"column":1}}},"1":{"name":"(anonymous_2)","decl":{"start":{"line":8,"column":29},"end":{"line":8,"column":34}},"loc":{"start":{"line":8,"column":70},"end":{"line":10,"column":1}}}},"branchMap":{},"s":{"0":2,"1":2,"2":0,"3":0,"4":2,"5":2,"6":0,"7":2},"f":{"0":0,"1":0},"b":{}}
,"C:\\Users\\sebas\\Dev\\cashtrackr\\backend\\src\\utils\\jwt.ts": {"path":"C:\\Users\\sebas\\Dev\\cashtrackr\\backend\\src\\utils\\jwt.ts","statementMap":{"0":{"start":{"line":1,"column":0},"end":{"line":1,"column":30}},"1":{"start":{"line":3,"column":27},"end":{"line":8,"column":1}},"2":{"start":{"line":4,"column":18},"end":{"line":6,"column":6}},"3":{"start":{"line":7,"column":4},"end":{"line":7,"column":null}},"4":{"start":{"line":3,"column":13},"end":{"line":3,"column":27}}},"fnMap":{"0":{"name":"(anonymous_1)","decl":{"start":{"line":3,"column":27},"end":{"line":3,"column":28}},"loc":{"start":{"line":3,"column":42},"end":{"line":8,"column":1}}}},"branchMap":{},"s":{"0":2,"1":2,"2":0,"3":0,"4":2},"f":{"0":0},"b":{}}
,"C:\\Users\\sebas\\Dev\\cashtrackr\\backend\\src\\utils\\token.ts": {"path":"C:\\Users\\sebas\\Dev\\cashtrackr\\backend\\src\\utils\\token.ts","statementMap":{"0":{"start":{"line":1,"column":29},"end":{"line":1,"column":89}},"1":{"start":{"line":1,"column":35},"end":{"line":1,"column":89}},"2":{"start":{"line":1,"column":13},"end":{"line":1,"column":29}}},"fnMap":{"0":{"name":"(anonymous_0)","decl":{"start":{"line":1,"column":29},"end":{"line":1,"column":32}},"loc":{"start":{"line":1,"column":35},"end":{"line":1,"column":89}}}},"branchMap":{},"s":{"0":2,"1":0,"2":2},"f":{"0":0},"b":{}}
}
