TN:
SF:src\server.ts
FN:11,connectDB
FNF:1
FNH:1
FNDA:1,connectDB
DA:1,1
DA:2,1
DA:3,1
DA:4,1
DA:5,1
DA:6,1
DA:7,1
DA:9,1
DA:12,1
DA:13,1
DA:14,1
DA:15,1
DA:17,0
DA:20,1
DA:22,1
DA:24,1
DA:25,1
DA:27,1
DA:28,1
DA:30,1
LF:20
LH:19
BRF:0
BRH:0
end_of_record
TN:
SF:src\config\db.ts
FNF:0
FNH:0
DA:1,1
DA:2,1
DA:4,1
DA:6,1
DA:7,0
DA:10,1
LF:6
LH:5
BRDA:6,0,0,0
BRDA:6,0,1,1
BRF:2
BRH:1
end_of_record
TN:
SF:src\config\limiter.ts
FNF:0
FNH:0
DA:1,1
DA:3,1
LF:2
LH:2
BRF:0
BRH:0
end_of_record
TN:
SF:src\config\nodemailer.ts
FN:6,(anonymous_1)
FNF:1
FNH:1
FNDA:2,(anonymous_1)
DA:1,2
DA:2,2
DA:4,2
DA:6,2
DA:7,2
DA:17,2
LF:6
LH:6
BRF:0
BRH:0
end_of_record
TN:
SF:src\controller\AuthController.ts
FN:10,(anonymous_1)
FN:44,(anonymous_2)
FN:63,(anonymous_3)
FN:95,(anonymous_4)
FN:119,(anonymous_5)
FN:134,(anonymous_6)
FN:154,(anonymous_7)
FN:158,(anonymous_8)
FN:179,(anonymous_9)
FNF:9
FNH:2
FNDA:4,(anonymous_1)
FNDA:0,(anonymous_2)
FNDA:4,(anonymous_3)
FNDA:0,(anonymous_4)
FNDA:0,(anonymous_5)
FNDA:0,(anonymous_6)
FNDA:0,(anonymous_7)
FNDA:0,(anonymous_8)
FNDA:0,(anonymous_9)
DA:2,2
DA:3,2
DA:4,2
DA:5,2
DA:6,2
DA:7,2
DA:9,2
DA:10,2
DA:12,4
DA:15,4
DA:16,4
DA:17,3
DA:23,1
DA:24,1
DA:25,1
DA:26,1
DA:27,1
DA:29,1
DA:35,1
DA:37,0
DA:44,2
DA:45,0
DA:47,0
DA:49,0
DA:50,0
DA:56,0
DA:57,0
DA:58,0
DA:60,0
DA:63,2
DA:64,4
DA:66,4
DA:68,4
DA:69,1
DA:75,3
DA:76,1
DA:82,2
DA:83,2
DA:84,1
DA:90,1
DA:92,1
DA:95,2
DA:96,0
DA:98,0
DA:100,0
DA:101,0
DA:107,0
DA:108,0
DA:110,0
DA:116,0
DA:119,2
DA:120,0
DA:122,0
DA:124,0
DA:125,0
DA:131,0
DA:134,2
DA:135,0
DA:136,0
DA:138,0
DA:140,0
DA:141,0
DA:147,0
DA:148,0
DA:149,0
DA:151,0
DA:154,2
DA:155,0
DA:158,2
DA:160,0
DA:161,0
DA:163,0
DA:165,0
DA:166,0
DA:167,0
DA:173,0
DA:174,0
DA:176,0
DA:179,2
DA:181,0
DA:182,0
DA:184,0
DA:186,0
DA:187,0
DA:188,0
DA:194,0
LF:86
LH:38
BRDA:16,0,0,3
BRDA:16,0,1,1
BRDA:49,1,0,0
BRDA:49,1,1,0
BRDA:68,2,0,1
BRDA:68,2,1,3
BRDA:75,3,0,1
BRDA:75,3,1,2
BRDA:83,4,0,1
BRDA:83,4,1,1
BRDA:100,5,0,0
BRDA:100,5,1,0
BRDA:124,6,0,0
BRDA:124,6,1,0
BRDA:140,7,0,0
BRDA:140,7,1,0
BRDA:166,8,0,0
BRDA:166,8,1,0
BRDA:187,9,0,0
BRDA:187,9,1,0
BRF:20
BRH:8
end_of_record
TN:
SF:src\controller\BudgetController.ts
FN:6,(anonymous_1)
FN:23,(anonymous_2)
FN:37,(anonymous_3)
FN:45,(anonymous_4)
FN:50,(anonymous_5)
FNF:5
FNH:5
FNDA:4,(anonymous_1)
FNDA:2,(anonymous_2)
FNDA:3,(anonymous_3)
FNDA:1,(anonymous_4)
FNDA:1,(anonymous_5)
DA:2,2
DA:3,2
DA:5,2
DA:6,2
DA:7,4
DA:8,4
DA:14,3
DA:16,1
DA:23,2
DA:24,2
DA:25,2
DA:26,0
DA:27,0
DA:28,0
DA:30,2
DA:37,2
DA:38,3
DA:42,3
DA:45,2
DA:46,1
DA:47,1
DA:50,2
DA:51,1
DA:52,1
LF:24
LH:21
BRF:0
BRH:0
end_of_record
TN:
SF:src\controller\ExpensesController.ts
FN:5,(anonymous_1)
FN:19,(anonymous_2)
FN:23,(anonymous_3)
FN:28,(anonymous_4)
FNF:4
FNH:4
FNDA:2,(anonymous_1)
FNDA:1,(anonymous_2)
FNDA:1,(anonymous_3)
FNDA:1,(anonymous_4)
DA:2,2
DA:4,2
DA:5,2
DA:6,2
DA:7,2
DA:8,0
DA:9,0
DA:10,0
DA:12,2
DA:19,2
DA:20,1
DA:23,2
DA:24,1
DA:25,1
DA:28,2
DA:29,1
DA:30,1
LF:17
LH:14
BRF:0
BRH:0
end_of_record
TN:
SF:src\emails\AuthEmail.ts
FN:10,(anonymous_0)
FN:28,(anonymous_1)
FNF:2
FNH:0
FNDA:0,(anonymous_0)
FNDA:0,(anonymous_1)
DA:1,2
DA:9,2
DA:10,2
DA:11,0
DA:25,0
DA:28,2
DA:29,0
DA:43,0
LF:8
LH:4
BRF:0
BRH:0
end_of_record
TN:
SF:src\middleware\auth.ts
FN:14,(anonymous_1)
FNF:1
FNH:0
FNDA:0,(anonymous_1)
DA:1,1
DA:2,1
DA:3,1
DA:14,1
DA:15,0
DA:17,0
DA:18,0
DA:24,0
DA:26,0
DA:27,0
DA:33,0
DA:34,0
DA:35,0
DA:36,0
DA:39,0
DA:42,0
LF:16
LH:4
BRDA:17,0,0,0
BRDA:17,0,1,0
BRDA:26,1,0,0
BRDA:26,1,1,0
BRDA:35,2,0,0
BRDA:35,2,1,0
BRDA:35,3,0,0
BRDA:35,3,1,0
BRF:8
BRH:0
end_of_record
TN:
SF:src\middleware\budget.ts
FN:15,(anonymous_1)
FN:18,(anonymous_2)
FN:27,(anonymous_3)
FN:46,(anonymous_4)
FN:53,(anonymous_5)
FN:58,hasAccessToBudget
FNF:6
FNH:2
FNDA:0,(anonymous_1)
FNDA:0,(anonymous_2)
FNDA:3,(anonymous_3)
FNDA:0,(anonymous_4)
FNDA:0,(anonymous_5)
FNDA:3,hasAccessToBudget
DA:2,3
DA:3,3
DA:4,3
DA:5,3
DA:15,3
DA:16,0
DA:18,0
DA:20,0
DA:21,0
DA:22,0
DA:24,0
DA:27,3
DA:28,3
DA:29,3
DA:30,3
DA:31,2
DA:32,1
DA:36,1
DA:37,1
DA:39,1
DA:46,3
DA:47,0
DA:50,0
DA:53,0
DA:55,0
DA:58,3
DA:60,3
DA:61,0
DA:62,0
DA:65,0
LF:30
LH:17
BRDA:21,0,0,0
BRDA:21,0,1,0
BRDA:31,1,0,1
BRDA:31,1,1,1
BRDA:60,2,0,0
BRDA:60,2,1,0
BRF:6
BRH:2
end_of_record
TN:
SF:src\middleware\expense.ts
FN:14,(anonymous_1)
FN:21,(anonymous_2)
FN:26,(anonymous_3)
FN:29,(anonymous_4)
FN:38,(anonymous_5)
FNF:5
FNH:1
FNDA:0,(anonymous_1)
FNDA:0,(anonymous_2)
FNDA:0,(anonymous_3)
FNDA:0,(anonymous_4)
FNDA:3,(anonymous_5)
DA:2,2
DA:3,2
DA:4,2
DA:14,2
DA:15,0
DA:18,0
DA:21,0
DA:23,0
DA:26,2
DA:27,0
DA:29,0
DA:31,0
DA:32,0
DA:33,0
DA:35,0
DA:38,2
DA:39,3
DA:40,3
DA:41,3
DA:42,2
DA:43,1
DA:47,1
DA:48,1
DA:50,1
LF:24
LH:14
BRDA:32,0,0,0
BRDA:32,0,1,0
BRDA:42,1,0,1
BRDA:42,1,1,1
BRF:4
BRH:2
end_of_record
TN:
SF:src\middleware\validation.ts
FN:4,(anonymous_0)
FNF:1
FNH:1
FNDA:5,(anonymous_0)
DA:2,1
DA:4,1
DA:5,5
DA:6,5
DA:7,3
DA:9,2
LF:6
LH:6
BRDA:6,0,0,3
BRDA:6,0,1,2
BRF:2
BRH:2
end_of_record
TN:
SF:src\models\Budget.ts
FN:22,(anonymous_3)
FN:28,(anonymous_4)
FN:31,(anonymous_5)
FNF:3
FNH:3
FNDA:2,(anonymous_3)
FNDA:2,(anonymous_4)
FNDA:2,(anonymous_5)
DA:1,3
DA:2,3
DA:3,3
DA:9,3
DA:14,3
DA:20,3
DA:22,2
DA:26,3
DA:28,2
DA:29,3
DA:31,2
DA:32,3
DA:35,3
LF:13
LH:13
BRF:0
BRH:0
end_of_record
TN:
SF:src\models\Expense.ts
FN:21,(anonymous_3)
FN:24,(anonymous_4)
FNF:2
FNH:2
FNDA:2,(anonymous_3)
FNDA:2,(anonymous_4)
DA:1,3
DA:2,3
DA:8,3
DA:13,3
DA:19,3
DA:21,2
DA:22,3
DA:24,2
DA:25,3
DA:28,3
LF:10
LH:10
BRF:0
BRH:0
end_of_record
TN:
SF:src\models\User.ts
FN:39,(anonymous_3)
FNF:1
FNH:1
FNDA:2,(anonymous_3)
DA:1,4
DA:2,4
DA:8,4
DA:13,4
DA:20,4
DA:26,4
DA:31,4
DA:37,4
DA:39,2
DA:43,4
DA:46,4
LF:11
LH:11
BRF:0
BRH:0
end_of_record
TN:
SF:src\routes\authRouter.ts
FNF:0
FNH:0
DA:1,1
DA:2,1
DA:3,1
DA:4,1
DA:5,1
DA:6,1
DA:8,1
DA:10,1
DA:12,1
DA:22,1
DA:30,1
DA:38,1
DA:44,1
DA:52,1
DA:63,1
DA:68,1
DA:78,1
DA:86,1
LF:18
LH:18
BRF:0
BRH:0
end_of_record
TN:
SF:src\routes\budgetRouter.ts
FNF:0
FNH:0
DA:1,1
DA:3,1
DA:4,1
DA:5,1
DA:6,1
DA:7,1
DA:8,1
DA:10,1
DA:12,1
DA:14,1
DA:15,1
DA:16,1
DA:18,1
DA:19,1
DA:21,1
DA:23,1
DA:24,1
DA:29,1
DA:33,1
DA:35,1
DA:37,1
DA:42,1
DA:48,1
DA:50,1
LF:24
LH:24
BRF:0
BRH:0
end_of_record
TN:
SF:src\tests\mocks\budgets.ts
FNF:0
FNH:0
DA:1,3
LF:1
LH:1
BRF:0
BRH:0
end_of_record
TN:
SF:src\tests\mocks\expenses.ts
FNF:0
FNH:0
DA:1,2
LF:1
LH:1
BRF:0
BRH:0
end_of_record
TN:
SF:src\utils\auth.ts
FN:3,(anonymous_1)
FN:8,(anonymous_2)
FNF:2
FNH:0
FNDA:0,(anonymous_1)
FNDA:0,(anonymous_2)
DA:1,2
DA:3,2
DA:4,0
DA:5,0
DA:8,2
DA:9,0
LF:6
LH:3
BRF:0
BRH:0
end_of_record
TN:
SF:src\utils\jwt.ts
FN:3,(anonymous_1)
FNF:1
FNH:0
FNDA:0,(anonymous_1)
DA:1,2
DA:3,2
DA:4,0
DA:7,0
LF:4
LH:2
BRF:0
BRH:0
end_of_record
TN:
SF:src\utils\token.ts
FN:1,(anonymous_0)
FNF:1
FNH:0
FNDA:0,(anonymous_0)
DA:1,2
LF:1
LH:1
BRF:0
BRH:0
end_of_record
